<?xml version="1.0" encoding="UTF-8"?>
<!-- Generated by org.testng.reporters.JUnitXMLReporter -->
<testsuite ignored="0" hostname="LAPTOP-F3DJPE74" failures="2" tests="3" name="Test" time="27.416" errors="0" timestamp="2024-11-08T19:47:24 IST">
  <testcase classname="com.sd.TestLayer.BuyProductPageTest1" name="BuyProductFunctinality" time="6.004"/>
  <testcase classname="com.sd.TestLayer.BuyProductTshirtTest" name="BuyProductFunctinality" time="5.504">
    <failure type="java.lang.NullPointerException" message="Cannot invoke &amp;quot;org.openqa.selenium.WebElement.click()&amp;quot; because &amp;quot;this.TshirtClick&amp;quot; is null">
      <![CDATA[java.lang.NullPointerException: Cannot invoke "org.openqa.selenium.WebElement.click()" because "this.TshirtClick" is null
at com.sd.PageLayer.BuyProductTshirt.Tshirt(BuyProductTshirt.java:30)
at com.sd.TestLayer.BuyProductTshirtTest.BuyProductFunctinality(BuyProductTshirtTest.java:24)
at java.base/java.util.ArrayList.forEach(ArrayList.java:1511)
... Removed 25 stack frames]]>
    </failure>
  </testcase> <!-- BuyProductFunctinality -->
  <testcase classname="com.sd.TestLayer.LoginPageTest" name="verifyLoginWithCorrectCred" time="5.567">
    <failure type="java.lang.AssertionError" message="expected [https://www.saucedemo.com/inventory.html] but found [https://www.saucedemo.com/inventory.htm]">
      <![CDATA[java.lang.AssertionError: expected [https://www.saucedemo.com/inventory.html] but found [https://www.saucedemo.com/inventory.htm]
at com.sd.TestLayer.LoginPageTest.verifyLoginWithCorrectCred(LoginPageTest.java:28)
at java.base/java.util.ArrayList.forEach(ArrayList.java:1511)
... Removed 31 stack frames]]>
    </failure>
  </testcase> <!-- verifyLoginWithCorrectCred -->
</testsuite> <!-- Test -->
